<?xml version="1.0" encoding="UTF-8"?>
<!-- Generated by org.testng.reporters.JUnitXMLReporter -->
<testsuite ignored="7" hostname="scblack-5530" failures="0" tests="7" name="Surefire test" time="2.87" errors="0" timestamp="14 Sep 2020 23:38:26 GMT">
  <testcase classname="edu.utexas.tacc.tapis.sharedapi.keys.CreateKeyTest" name="createKeyTest" time="0.859"/>
  <testcase classname="edu.utexas.tacc.tapis.sharedapi.jwt.JJWTTestNGTest" name="useKeyGen" time="1.966"/>
  <testcase classname="edu.utexas.tacc.tapis.sharedapi.dto.ResponseWrapperTest" name="ResponseWrapperTest1" time="0.033"/>
  <testcase classname="edu.utexas.tacc.tapis.sharedapi.dto.ResponseWrapperTest" name="ResponseWrapperTest2" time="0.0"/>
  <testcase classname="edu.utexas.tacc.tapis.sharedapi.dto.ResponseWrapperTest" name="ResponseWrapperTest3" time="0.001"/>
  <testcase classname="edu.utexas.tacc.tapis.sharedapi.dto.ResponseWrapperTest" name="ResponseWrapperTest4" time="0.001"/>
  <testcase classname="edu.utexas.tacc.tapis.sharedapi.dto.ResponseWrapperTest" name="ResponseWrapperTest5" time="0.001"/>
  <testcase classname="edu.utexas.tacc.tapis.sharedapi.jwt.JJWTTestNGTest" name="useKeystore" time="0.0">
    <ignored/>
  </testcase> <!-- useKeystore -->
  <testcase classname="edu.utexas.tacc.tapis.sharedapi.security.ServiceJWTTest" name="refreshTokens" time="0.0">
    <ignored/>
  </testcase> <!-- refreshTokens -->
  <testcase classname="edu.utexas.tacc.tapis.sharedapi.jwt.CreateJWTTest" name="createJWTTest" time="0.0">
    <ignored/>
  </testcase> <!-- createJWTTest -->
  <testcase classname="edu.utexas.tacc.tapis.sharedapi.keys.KeyManagerTest" name="test1" time="0.0">
    <ignored/>
  </testcase> <!-- test1 -->
  <testcase classname="edu.utexas.tacc.tapis.sharedapi.jwt.JWTValidateRequestFilterNegativeClaimTest" name="negativeClaimTest" time="0.0">
    <ignored/>
  </testcase> <!-- negativeClaimTest -->
  <testcase classname="edu.utexas.tacc.tapis.sharedapi.security.ServiceJWTTest" name="getTokenForSystems" time="0.0">
    <ignored/>
  </testcase> <!-- getTokenForSystems -->
  <testcase classname="edu.utexas.tacc.tapis.sharedapi.jwt.JWTValidateRequestFilterNegativeSignatureTest" name="negativeSignatureTest" time="0.0">
    <ignored/>
  </testcase> <!-- negativeSignatureTest -->
</testsuite> <!-- Surefire test -->
