<?xml version="1.0" encoding="UTF-8"?>
<!-- Generated by org.testng.reporters.JUnitXMLReporter -->
<testsuite ignored="0" hostname="scblack-5530" failures="0" tests="9" name="search library" time="0.189" errors="0" timestamp="14 Sep 2020 23:38:28 GMT">
  <testcase classname="edu.utexas.tacc.tapis.search.ParserTest" name="badFilters" time="0.021"/>
  <testcase classname="edu.utexas.tacc.tapis.search.ParserTest" name="goodFilters" time="0.004"/>
  <testcase classname="edu.utexas.tacc.tapis.search.parser.ASTParserTest" name="testASTParseValid" time="0.013"/>
  <testcase classname="edu.utexas.tacc.tapis.search.SearchUtilsTest" name="testBuildListFromQueryParmsValid" time="0.066"/>
  <testcase classname="edu.utexas.tacc.tapis.search.SearchUtilsTest" name="testCamelCaseToSnakeCase" time="0.001"/>
  <testcase classname="edu.utexas.tacc.tapis.search.SearchUtilsTest" name="testConvertValuesToTimestamps" time="0.038"/>
  <testcase classname="edu.utexas.tacc.tapis.search.SearchUtilsTest" name="testIsTimestamp" time="0.005"/>
  <testcase classname="edu.utexas.tacc.tapis.search.SearchUtilsTest" name="testValidateAndExtractSearchListInvalid" time="0.019"/>
  <testcase classname="edu.utexas.tacc.tapis.search.SearchUtilsTest" name="testValidateAndExtractSearchListValid" time="0.009"/>
</testsuite> <!-- search library -->
