<?xml version="1.0" encoding="UTF-8"?>
<testng-results ignored="2" total="3" passed="1" failed="0" skipped="0">
  <reporter-output>
  </reporter-output>
  <suite started-at="2020-09-14T23:38:20Z" name="Surefire suite" finished-at="2020-09-14T23:38:20Z" duration-ms="21">
    <groups>
      <group name="unit">
        <method signature="TapisDBUtilsTest.escapeSqlWildcardsTest()[pri:0, instance:edu.utexas.tacc.tapis.shareddb.TapisDBUtilsTest@473b46c3]" name="escapeSqlWildcardsTest" class="edu.utexas.tacc.tapis.shareddb.TapisDBUtilsTest"/>
      </group> <!-- unit -->
    </groups>
    <test started-at="2020-09-14T23:38:20Z" name="Surefire test" finished-at="2020-09-14T23:38:20Z" duration-ms="21">
      <class name="edu.utexas.tacc.tapis.shareddb.TapisDBUtilsTest">
        <test-method signature="escapeSqlWildcardsTest()[pri:0, instance:edu.utexas.tacc.tapis.shareddb.TapisDBUtilsTest@473b46c3]" started-at="2020-09-14T23:38:20Z" name="escapeSqlWildcardsTest" finished-at="2020-09-14T23:38:20Z" duration-ms="11" status="PASS">
          <reporter-output>
          </reporter-output>
        </test-method> <!-- escapeSqlWildcardsTest -->
      </class> <!-- edu.utexas.tacc.tapis.shareddb.TapisDBUtilsTest -->
    </test> <!-- Surefire test -->
  </suite> <!-- Surefire suite -->
</testng-results>
