<?xml version="1.0" encoding="UTF-8"?>
<testng-results ignored="7" total="14" passed="7" failed="0" skipped="0">
  <reporter-output>
  </reporter-output>
  <suite started-at="2020-09-14T23:38:23Z" name="Surefire suite" finished-at="2020-09-14T23:38:26Z" duration-ms="2870">
    <groups>
      <group name="unit">
        <method signature="CreateKeyTest.createKeyTest()[pri:0, instance:edu.utexas.tacc.tapis.sharedapi.keys.CreateKeyTest@752325ad]" name="createKeyTest" class="edu.utexas.tacc.tapis.sharedapi.keys.CreateKeyTest"/>
        <method signature="JJWTTestNGTest.useKeyGen()[pri:0, instance:edu.utexas.tacc.tapis.sharedapi.jwt.JJWTTestNGTest@45c7e403]" name="useKeyGen" class="edu.utexas.tacc.tapis.sharedapi.jwt.JJWTTestNGTest"/>
        <method signature="ResponseWrapperTest.ResponseWrapperTest1()[pri:0, instance:edu.utexas.tacc.tapis.sharedapi.dto.ResponseWrapperTest@b3ca52e]" name="ResponseWrapperTest1" class="edu.utexas.tacc.tapis.sharedapi.dto.ResponseWrapperTest"/>
        <method signature="ResponseWrapperTest.ResponseWrapperTest2()[pri:0, instance:edu.utexas.tacc.tapis.sharedapi.dto.ResponseWrapperTest@b3ca52e]" name="ResponseWrapperTest2" class="edu.utexas.tacc.tapis.sharedapi.dto.ResponseWrapperTest"/>
        <method signature="ResponseWrapperTest.ResponseWrapperTest3()[pri:0, instance:edu.utexas.tacc.tapis.sharedapi.dto.ResponseWrapperTest@b3ca52e]" name="ResponseWrapperTest3" class="edu.utexas.tacc.tapis.sharedapi.dto.ResponseWrapperTest"/>
        <method signature="ResponseWrapperTest.ResponseWrapperTest4()[pri:0, instance:edu.utexas.tacc.tapis.sharedapi.dto.ResponseWrapperTest@b3ca52e]" name="ResponseWrapperTest4" class="edu.utexas.tacc.tapis.sharedapi.dto.ResponseWrapperTest"/>
        <method signature="ResponseWrapperTest.ResponseWrapperTest5()[pri:0, instance:edu.utexas.tacc.tapis.sharedapi.dto.ResponseWrapperTest@b3ca52e]" name="ResponseWrapperTest5" class="edu.utexas.tacc.tapis.sharedapi.dto.ResponseWrapperTest"/>
      </group> <!-- unit -->
    </groups>
    <test started-at="2020-09-14T23:38:23Z" name="Surefire test" finished-at="2020-09-14T23:38:26Z" duration-ms="2870">
      <class name="edu.utexas.tacc.tapis.sharedapi.keys.CreateKeyTest">
        <test-method signature="createKeyTest()[pri:0, instance:edu.utexas.tacc.tapis.sharedapi.keys.CreateKeyTest@752325ad]" started-at="2020-09-14T23:38:23Z" name="createKeyTest" finished-at="2020-09-14T23:38:24Z" duration-ms="859" status="PASS">
          <reporter-output>
          </reporter-output>
        </test-method> <!-- createKeyTest -->
      </class> <!-- edu.utexas.tacc.tapis.sharedapi.keys.CreateKeyTest -->
      <class name="edu.utexas.tacc.tapis.sharedapi.dto.ResponseWrapperTest">
        <test-method signature="ResponseWrapperTest1()[pri:0, instance:edu.utexas.tacc.tapis.sharedapi.dto.ResponseWrapperTest@b3ca52e]" started-at="2020-09-14T23:38:26Z" name="ResponseWrapperTest1" finished-at="2020-09-14T23:38:26Z" duration-ms="33" status="PASS">
          <reporter-output>
          </reporter-output>
        </test-method> <!-- ResponseWrapperTest1 -->
        <test-method signature="ResponseWrapperTest2()[pri:0, instance:edu.utexas.tacc.tapis.sharedapi.dto.ResponseWrapperTest@b3ca52e]" started-at="2020-09-14T23:38:26Z" name="ResponseWrapperTest2" finished-at="2020-09-14T23:38:26Z" duration-ms="0" status="PASS">
          <reporter-output>
          </reporter-output>
        </test-method> <!-- ResponseWrapperTest2 -->
        <test-method signature="ResponseWrapperTest3()[pri:0, instance:edu.utexas.tacc.tapis.sharedapi.dto.ResponseWrapperTest@b3ca52e]" started-at="2020-09-14T23:38:26Z" name="ResponseWrapperTest3" finished-at="2020-09-14T23:38:26Z" duration-ms="1" status="PASS">
          <reporter-output>
          </reporter-output>
        </test-method> <!-- ResponseWrapperTest3 -->
        <test-method signature="ResponseWrapperTest4()[pri:0, instance:edu.utexas.tacc.tapis.sharedapi.dto.ResponseWrapperTest@b3ca52e]" started-at="2020-09-14T23:38:26Z" name="ResponseWrapperTest4" finished-at="2020-09-14T23:38:26Z" duration-ms="1" status="PASS">
          <reporter-output>
          </reporter-output>
        </test-method> <!-- ResponseWrapperTest4 -->
        <test-method signature="ResponseWrapperTest5()[pri:0, instance:edu.utexas.tacc.tapis.sharedapi.dto.ResponseWrapperTest@b3ca52e]" started-at="2020-09-14T23:38:26Z" name="ResponseWrapperTest5" finished-at="2020-09-14T23:38:26Z" duration-ms="1" status="PASS">
          <reporter-output>
          </reporter-output>
        </test-method> <!-- ResponseWrapperTest5 -->
      </class> <!-- edu.utexas.tacc.tapis.sharedapi.dto.ResponseWrapperTest -->
      <class name="edu.utexas.tacc.tapis.sharedapi.jwt.JJWTTestNGTest">
        <test-method signature="useKeyGen()[pri:0, instance:edu.utexas.tacc.tapis.sharedapi.jwt.JJWTTestNGTest@45c7e403]" started-at="2020-09-14T23:38:24Z" name="useKeyGen" finished-at="2020-09-14T23:38:26Z" duration-ms="1966" status="PASS">
          <reporter-output>
          </reporter-output>
        </test-method> <!-- useKeyGen -->
      </class> <!-- edu.utexas.tacc.tapis.sharedapi.jwt.JJWTTestNGTest -->
      <class name="edu.utexas.tacc.tapis.sharedapi.jwt.CreateJWTTest">
        <test-method is-config="true" signature="setup()[pri:0, instance:edu.utexas.tacc.tapis.sharedapi.jwt.CreateJWTTest@279fedbd]" started-at="2020-09-14T23:38:23Z" name="setup" finished-at="2020-09-14T23:38:23Z" duration-ms="7" status="PASS">
          <reporter-output>
          </reporter-output>
        </test-method> <!-- setup -->
        <test-method is-config="true" signature="setup()[pri:0, instance:edu.utexas.tacc.tapis.sharedapi.keys.CreateKeyTest@752325ad]" started-at="2020-09-14T23:38:23Z" name="setup" finished-at="2020-09-14T23:38:23Z" duration-ms="1" status="PASS">
          <reporter-output>
          </reporter-output>
        </test-method> <!-- setup -->
        <test-method is-config="true" signature="cleanup()[pri:0, instance:edu.utexas.tacc.tapis.sharedapi.jwt.CreateJWTTest@279fedbd]" started-at="2020-09-14T23:38:26Z" name="cleanup" finished-at="2020-09-14T23:38:26Z" duration-ms="0" status="PASS">
          <reporter-output>
          </reporter-output>
        </test-method> <!-- cleanup -->
        <test-method is-config="true" signature="cleanup()[pri:0, instance:edu.utexas.tacc.tapis.sharedapi.keys.CreateKeyTest@752325ad]" started-at="2020-09-14T23:38:26Z" name="cleanup" finished-at="2020-09-14T23:38:26Z" duration-ms="1" status="PASS">
          <reporter-output>
          </reporter-output>
        </test-method> <!-- cleanup -->
      </class> <!-- edu.utexas.tacc.tapis.sharedapi.jwt.CreateJWTTest -->
    </test> <!-- Surefire test -->
  </suite> <!-- Surefire suite -->
</testng-results>
