<?xml version="1.0" encoding="UTF-8"?>
<testsuite xmlns:xsi="http://www.w3.org/2001/XMLSchema-instance" xsi:noNamespaceSchemaLocation="https://maven.apache.org/surefire/maven-surefire-plugin/xsd/surefire-test-report.xsd" name="TestSuite" time="3.162" tests="7" errors="0" skipped="0" failures="0">
  <properties>
[...]
</properties>
  <testcase name="createKeyTest" classname="edu.utexas.tacc.tapis.sharedapi.keys.CreateKeyTest" time="0.86"/>
  <testcase name="useKeyGen" classname="edu.utexas.tacc.tapis.sharedapi.jwt.JJWTTestNGTest" time="1.966"/>
  <testcase name="ResponseWrapperTest1" classname="edu.utexas.tacc.tapis.sharedapi.dto.ResponseWrapperTest" time="0.034"/>
  <testcase name="ResponseWrapperTest2" classname="edu.utexas.tacc.tapis.sharedapi.dto.ResponseWrapperTest" time="0.001"/>
  <testcase name="ResponseWrapperTest3" classname="edu.utexas.tacc.tapis.sharedapi.dto.ResponseWrapperTest" time="0.001"/>
  <testcase name="ResponseWrapperTest4" classname="edu.utexas.tacc.tapis.sharedapi.dto.ResponseWrapperTest" time="0.001"/>
  <testcase name="ResponseWrapperTest5" classname="edu.utexas.tacc.tapis.sharedapi.dto.ResponseWrapperTest" time="0.001"/>
</testsuite>