<?xml version="1.0" encoding="UTF-8"?>
<!-- Generated by org.testng.reporters.JUnitXMLReporter -->
<testsuite ignored="2" hostname="scblack-5530" failures="0" tests="1" name="Surefire test" time="0.021" errors="0" timestamp="14 Sep 2020 23:38:20 GMT">
  <testcase classname="edu.utexas.tacc.tapis.shareddb.TapisDBUtilsTest" name="escapeSqlWildcardsTest" time="0.011"/>
  <testcase classname="edu.utexas.tacc.tapis.shareddb.TempDBTest" name="allTest" time="0.0">
    <ignored/>
  </testcase> <!-- allTest -->
  <testcase classname="edu.utexas.tacc.tapis.shareddb.DatetimeTest" name="testDatetime" time="0.0">
    <ignored/>
  </testcase> <!-- testDatetime -->
</testsuite> <!-- Surefire test -->
