<?xml version="1.0" encoding="UTF-8"?>
<testng-results ignored="0" total="9" passed="9" failed="0" skipped="0">
  <reporter-output>
  </reporter-output>
  <suite started-at="2020-09-14T23:38:28Z" name="Tapis search library" finished-at="2020-09-14T23:38:28Z" duration-ms="189">
    <groups>
      <group name="unit">
        <method signature="ASTParserTest.testASTParseValid()[pri:0, instance:edu.utexas.tacc.tapis.search.parser.ASTParserTest@130c12b7]" name="testASTParseValid" class="edu.utexas.tacc.tapis.search.parser.ASTParserTest"/>
        <method signature="ParserTest.badFilters()[pri:0, instance:edu.utexas.tacc.tapis.search.ParserTest@60bd273d]" name="badFilters" class="edu.utexas.tacc.tapis.search.ParserTest"/>
        <method signature="ParserTest.goodFilters()[pri:0, instance:edu.utexas.tacc.tapis.search.ParserTest@60bd273d]" name="goodFilters" class="edu.utexas.tacc.tapis.search.ParserTest"/>
        <method signature="SearchUtilsTest.testBuildListFromQueryParmsValid()[pri:0, instance:edu.utexas.tacc.tapis.search.SearchUtilsTest@121314f7]" name="testBuildListFromQueryParmsValid" class="edu.utexas.tacc.tapis.search.SearchUtilsTest"/>
        <method signature="SearchUtilsTest.testCamelCaseToSnakeCase()[pri:0, instance:edu.utexas.tacc.tapis.search.SearchUtilsTest@121314f7]" name="testCamelCaseToSnakeCase" class="edu.utexas.tacc.tapis.search.SearchUtilsTest"/>
        <method signature="SearchUtilsTest.testConvertValuesToTimestamps()[pri:0, instance:edu.utexas.tacc.tapis.search.SearchUtilsTest@121314f7]" name="testConvertValuesToTimestamps" class="edu.utexas.tacc.tapis.search.SearchUtilsTest"/>
        <method signature="SearchUtilsTest.testIsTimestamp()[pri:0, instance:edu.utexas.tacc.tapis.search.SearchUtilsTest@121314f7]" name="testIsTimestamp" class="edu.utexas.tacc.tapis.search.SearchUtilsTest"/>
        <method signature="SearchUtilsTest.testValidateAndExtractSearchListInvalid()[pri:0, instance:edu.utexas.tacc.tapis.search.SearchUtilsTest@121314f7]" name="testValidateAndExtractSearchListInvalid" class="edu.utexas.tacc.tapis.search.SearchUtilsTest"/>
        <method signature="SearchUtilsTest.testValidateAndExtractSearchListValid()[pri:0, instance:edu.utexas.tacc.tapis.search.SearchUtilsTest@121314f7]" name="testValidateAndExtractSearchListValid" class="edu.utexas.tacc.tapis.search.SearchUtilsTest"/>
      </group> <!-- unit -->
    </groups>
    <test started-at="2020-09-14T23:38:28Z" name="search library" finished-at="2020-09-14T23:38:28Z" duration-ms="189">
      <class name="edu.utexas.tacc.tapis.search.ParserTest">
        <test-method signature="badFilters()[pri:0, instance:edu.utexas.tacc.tapis.search.ParserTest@60bd273d]" started-at="2020-09-14T23:38:28Z" name="badFilters" finished-at="2020-09-14T23:38:28Z" duration-ms="21" status="PASS">
          <reporter-output>
          </reporter-output>
        </test-method> <!-- badFilters -->
        <test-method signature="goodFilters()[pri:0, instance:edu.utexas.tacc.tapis.search.ParserTest@60bd273d]" started-at="2020-09-14T23:38:28Z" name="goodFilters" finished-at="2020-09-14T23:38:28Z" duration-ms="4" status="PASS">
          <reporter-output>
          </reporter-output>
        </test-method> <!-- goodFilters -->
      </class> <!-- edu.utexas.tacc.tapis.search.ParserTest -->
      <class name="edu.utexas.tacc.tapis.search.parser.ASTParserTest">
        <test-method signature="testASTParseValid()[pri:0, instance:edu.utexas.tacc.tapis.search.parser.ASTParserTest@130c12b7]" started-at="2020-09-14T23:38:28Z" name="testASTParseValid" finished-at="2020-09-14T23:38:28Z" duration-ms="13" status="PASS">
          <reporter-output>
          </reporter-output>
        </test-method> <!-- testASTParseValid -->
      </class> <!-- edu.utexas.tacc.tapis.search.parser.ASTParserTest -->
      <class name="edu.utexas.tacc.tapis.search.SearchUtilsTest">
        <test-method signature="testBuildListFromQueryParmsValid()[pri:0, instance:edu.utexas.tacc.tapis.search.SearchUtilsTest@121314f7]" started-at="2020-09-14T23:38:28Z" name="testBuildListFromQueryParmsValid" finished-at="2020-09-14T23:38:28Z" duration-ms="66" status="PASS">
          <reporter-output>
          </reporter-output>
        </test-method> <!-- testBuildListFromQueryParmsValid -->
        <test-method signature="testCamelCaseToSnakeCase()[pri:0, instance:edu.utexas.tacc.tapis.search.SearchUtilsTest@121314f7]" started-at="2020-09-14T23:38:28Z" name="testCamelCaseToSnakeCase" finished-at="2020-09-14T23:38:28Z" duration-ms="1" status="PASS">
          <reporter-output>
          </reporter-output>
        </test-method> <!-- testCamelCaseToSnakeCase -->
        <test-method signature="testConvertValuesToTimestamps()[pri:0, instance:edu.utexas.tacc.tapis.search.SearchUtilsTest@121314f7]" started-at="2020-09-14T23:38:28Z" name="testConvertValuesToTimestamps" finished-at="2020-09-14T23:38:28Z" duration-ms="38" status="PASS">
          <reporter-output>
          </reporter-output>
        </test-method> <!-- testConvertValuesToTimestamps -->
        <test-method signature="testIsTimestamp()[pri:0, instance:edu.utexas.tacc.tapis.search.SearchUtilsTest@121314f7]" started-at="2020-09-14T23:38:28Z" name="testIsTimestamp" finished-at="2020-09-14T23:38:28Z" duration-ms="5" status="PASS">
          <reporter-output>
          </reporter-output>
        </test-method> <!-- testIsTimestamp -->
        <test-method signature="testValidateAndExtractSearchListInvalid()[pri:0, instance:edu.utexas.tacc.tapis.search.SearchUtilsTest@121314f7]" started-at="2020-09-14T23:38:28Z" name="testValidateAndExtractSearchListInvalid" finished-at="2020-09-14T23:38:28Z" duration-ms="19" status="PASS">
          <reporter-output>
          </reporter-output>
        </test-method> <!-- testValidateAndExtractSearchListInvalid -->
        <test-method signature="testValidateAndExtractSearchListValid()[pri:0, instance:edu.utexas.tacc.tapis.search.SearchUtilsTest@121314f7]" started-at="2020-09-14T23:38:28Z" name="testValidateAndExtractSearchListValid" finished-at="2020-09-14T23:38:28Z" duration-ms="9" status="PASS">
          <reporter-output>
          </reporter-output>
        </test-method> <!-- testValidateAndExtractSearchListValid -->
      </class> <!-- edu.utexas.tacc.tapis.search.SearchUtilsTest -->
    </test> <!-- search library -->
  </suite> <!-- Tapis search library -->
</testng-results>
