<?xml version="1.0" encoding="UTF-8"?>
<testsuite xmlns:xsi="http://www.w3.org/2001/XMLSchema-instance" xsi:noNamespaceSchemaLocation="https://maven.apache.org/surefire/maven-surefire-plugin/xsd/surefire-test-report.xsd" name="TestSuite" time="0.967" tests="9" errors="0" skipped="0" failures="0">
  <properties>
[...]
</properties>
  <testcase name="badFilters" classname="edu.utexas.tacc.tapis.search.ParserTest" time="0.021"/>
  <testcase name="goodFilters" classname="edu.utexas.tacc.tapis.search.ParserTest" time="0.004"/>
  <testcase name="testASTParseValid" classname="edu.utexas.tacc.tapis.search.parser.ASTParserTest" time="0.02"/>
  <testcase name="testBuildListFromQueryParmsValid" classname="edu.utexas.tacc.tapis.search.SearchUtilsTest" time="0.06"/>
  <testcase name="testCamelCaseToSnakeCase" classname="edu.utexas.tacc.tapis.search.SearchUtilsTest" time="0.001"/>
  <testcase name="testConvertValuesToTimestamps" classname="edu.utexas.tacc.tapis.search.SearchUtilsTest" time="0.04"/>
  <testcase name="testIsTimestamp" classname="edu.utexas.tacc.tapis.search.SearchUtilsTest" time="0.005"/>
  <testcase name="testValidateAndExtractSearchListInvalid" classname="edu.utexas.tacc.tapis.search.SearchUtilsTest" time="0.03"/>
  <testcase name="testValidateAndExtractSearchListValid" classname="edu.utexas.tacc.tapis.search.SearchUtilsTest" time="0.013"/>
</testsuite>